#
# A fatal error has been detected by the Java Runtime Environment:
#
#  Internal Error (javaClasses.cpp:137), pid=5392, tid=4420
#  fatal error: Invalid layout of preloaded class
#
# JRE version:  (7.0_80-b15) (build )
# Java VM: Java HotSpot(TM) Client VM (24.80-b11 mixed mode windows-x86 )
# Failed to write core dump. Minidumps are not enabled by default on client versions of Windows
#
# If you would like to submit a bug report, please visit:
#   http://bugreport.java.com/bugreport/crash.jsp
#

---------------  T H R E A D  ---------------

Current thread (0x0112c400):  JavaThread "Unknown thread" [_thread_in_vm, id=4420, stack(0x010d0000,0x01120000)]

Stack: [0x010d0000,0x01120000],  sp=0x0111f7e8,  free space=317k
Native frames: (J=compiled Java code, j=interpreted, Vv=VM code, C=native code)
V  [jvm.dll+0x192384]
V  [jvm.dll+0x18b9f6]
V  [jvm.dll+0x35b90]
V  [jvm.dll+0x35c16]
V  [jvm.dll+0x4464d]
V  [jvm.dll+0x4490e]
V  [jvm.dll+0x93a4a]
V  [jvm.dll+0x93dfb]
V  [jvm.dll+0x141361]
V  [jvm.dll+0x163e1c]
V  [jvm.dll+0xcaaaf]
C  [javaw.exe+0x13ce]
C  [javaw.exe+0x1e40]
C  [javaw.exe+0xa6d1]
C  [javaw.exe+0xa75b]
C  [kernel32.dll+0x4ef1c]
C  [ntdll.dll+0x6367a]
C  [ntdll.dll+0x6364d]


---------------  P R O C E S S  ---------------

Java Threads: ( => current thread )

Other Threads:

=>0x0112c400 (exited) JavaThread "Unknown thread" [_thread_in_vm, id=4420, stack(0x010d0000,0x01120000)]

VM state:not at safepoint (not fully initialized)

VM Mutex/Monitor currently owned by a thread: None

GC Heap History (0 events):
No events

Deoptimization events (0 events):
No events

Internal exceptions (0 events):
No events

Events (10 events):
Event: 0.041 loading class 0x011b9ca8 done
Event: 0.041 loading class 0x011b9718 done
Event: 0.041 loading class 0x011b96f8
Event: 0.041 loading class 0x011c0a88
Event: 0.061 loading class 0x011c0a88 done
Event: 0.061 loading class 0x011c0ab8
Event: 0.061 loading class 0x011c0ab8 done
Event: 0.061 loading class 0x011c0ae8
Event: 0.061 loading class 0x011c0ae8 done
Event: 0.061 loading class 0x011b96f8 done


Dynamic libraries:
0x01150000 - 0x0117f000 	C:\Program Files\Java\jdk1.7.0_80\jre\bin\javaw.exe
0x77550000 - 0x77692000 	C:\Windows\SYSTEM32\ntdll.dll
0x77470000 - 0x77545000 	C:\Windows\system32\kernel32.dll
0x75570000 - 0x755bb000 	C:\Windows\system32\KERNELBASE.dll
0x77350000 - 0x773f1000 	C:\Windows\system32\ADVAPI32.dll
0x76d50000 - 0x76dfc000 	C:\Windows\system32\msvcrt.dll
0x76e50000 - 0x76e69000 	C:\Windows\SYSTEM32\sechost.dll
0x776f0000 - 0x77792000 	C:\Windows\system32\RPCRT4.dll
0x76b60000 - 0x76c29000 	C:\Windows\system32\USER32.dll
0x76e00000 - 0x76e4e000 	C:\Windows\system32\GDI32.dll
0x77400000 - 0x7740a000 	C:\Windows\system32\LPK.dll
0x76cb0000 - 0x76d4d000 	C:\Windows\system32\USP10.dll
0x74150000 - 0x742ee000 	C:\Windows\WinSxS\x86_microsoft.windows.common-controls_6595b64144ccf1df_6.0.7601.18837_none_41e855142bd5705d\COMCTL32.dll
0x77410000 - 0x77467000 	C:\Windows\system32\SHLWAPI.dll
0x76ea0000 - 0x76ebf000 	C:\Windows\system32\IMM32.DLL
0x76830000 - 0x768fd000 	C:\Windows\system32\MSCTF.dll
0x779b0000 - 0x77a6f000 	C:\Program Files\Java\jdk1.7.0_80\jre\bin\msvcr100.dll
0x6e3a0000 - 0x6e72b000 	C:\Program Files\Java\jdk1.7.0_80\jre\bin\client\jvm.dll
0x6b320000 - 0x6b327000 	C:\Windows\system32\WSOCK32.dll
0x776a0000 - 0x776d5000 	C:\Windows\system32\WS2_32.dll
0x776e0000 - 0x776e6000 	C:\Windows\system32\NSI.dll
0x71dd0000 - 0x71e02000 	C:\Windows\system32\WINMM.dll
0x75870000 - 0x75875000 	C:\Windows\system32\PSAPI.DLL
0x52280000 - 0x5228c000 	C:\Program Files\Java\jdk1.7.0_80\jre\bin\verify.dll
0x52090000 - 0x520b1000 	C:\Program Files\Java\jdk1.7.0_80\jre\bin\java.dll
0x77b10000 - 0x77b23000 	C:\Program Files\Java\jdk1.7.0_80\jre\bin\zip.dll
0x70e30000 - 0x70f1b000 	C:\Windows\system32\dbghelp.dll

VM Arguments:
jvm_args: -Dfile.encoding=UTF-8 -Xbootclasspath/p:E:\win32 dev tools\android-sdk-windows\android-sdk-windows\platforms\android-19\android.jar 
java_command: com.example.fiveyuanstore.inputcells.ImageSize
Launcher Type: SUN_STANDARD

Environment Variables:
JAVA_HOME=C:\Program Files\Java\jdk1.7.0_80
CLASSPATH=.;C:\Program Files\Java\jdk1.7.0_80\lib;C:\Program Files\Java\jdk1.7.0_80\lib\tools.jar
PATH=C:/Program Files/Java/jre1.8.0_111/bin/client;C:/Program Files/Java/jre1.8.0_111/bin;C:/Program Files/Java/jre1.8.0_111/lib/i386;C:\ProgramData\Oracle\Java\javapath;C:\Program Files\Java\jdk1.7.0_80\bin;C:\Program Files\Java\jdk1.7.0_80\jre\bin;C:\Program Files\Intel\iCLS Client\;C:\Windows\system32;C:\Windows;C:\Windows\System32\Wbem;C:\Windows\System32\WindowsPowerShell\v1.0\;C:\Program Files\Intel\Intel(R) Management Engine Components\DAL;C:\Program Files\Intel\Intel(R) Management Engine Components\IPT;C:\Program Files\TortoiseGit\bin;E:\win32 dev tools\eclipse jee with adt\eclipse;
USERNAME=Administrator
OS=Windows_NT
PROCESSOR_IDENTIFIER=x86 Family 6 Model 94 Stepping 3, GenuineIntel



---------------  S Y S T E M  ---------------

OS: Windows 7 Build 7601 Service Pack 1

CPU:total 4 (4 cores per cpu, 1 threads per core) family 6 model 94 stepping 3, cmov, cx8, fxsr, mmx, sse, sse2, sse3, ssse3, sse4.1, sse4.2, popcnt, avx, avx2, aes, erms, tsc, tscinvbit

Memory: 4k page, physical 3068872k(298352k free), swap 6136028k(2276688k free)

vm_info: Java HotSpot(TM) Client VM (24.80-b11) for windows-x86 JRE (1.7.0_80-b15), built on Apr 10 2015 13:33:35 by "java_re" with unknown MS VC++:1600

time: Tue Dec 27 10:23:41 2016
elapsed time: 0 seconds

